['if (ips4 > 2.5) and (sex <= 1.5) and (usia <= 2.5) and (jml_ajuan_cuti > 1.5) and (kota_asal > 1.5) then class: 1 (proba: 78.55%) | based on 345 samples',
 'if (ips4 <= 2.5) and (ips4 > 0.5) and (usia > 2.5) and (ips3 <= 2.5) and (ips1 > 0.5) then class: 1 (proba: 86.22%) | based on 225 samples',
 'if (ips4 > 2.5) and (sex <= 1.5) and (usia > 2.5) and (ips2 > 2.5) and (marital > 1.5) then class: 1 (proba: 70.56%) | based on 180 samples',
 'if (ips4 <= 2.5) and (ips4 > 0.5) and (usia <= 2.5) and (ips4 > 1.5) and (ips1 <= 2.5) then class: 1 (proba: 58.48%) | based on 171 samples',
 'if (ips4 > 2.5) and (sex > 1.5) and (marital > 1.5) and (usia <= 2.5) and (ips3 > 2.5) then class: 1 (proba: 95.16%) | based on 124 samples',
 'if (ips4 <= 2.5) and (ips4 > 0.5) and (usia <= 2.5) and (ips4 > 1.5) and (ips1 > 2.5) then class: 1 (proba: 58.49%) | based on 106 samples',
 'if (ips4 > 2.5) and (sex <= 1.5) and (usia > 2.5) and (ips2 <= 2.5) and (kota_asal > 1.5) then class: 1 (proba: 59.62%) | based on 104 samples',
 'if (ips4 > 2.5) and (sex > 1.5) and (marital > 1.5) and (usia > 2.5) and (ips3 > 2.5) then class: 1 (proba: 85.0%) | based on 80 samples',
 'if (ips4 <= 2.5) and (ips4 <= 0.5) and (ips2 <= 2.5) and (sex <= 1.5) and (ips1 <= 2.5) then class: 1 (proba: 57.89%) | based on 57 samples',
 'if (ips4 <= 2.5) and (ips4 > 0.5) and (usia > 2.5) and (ips3 <= 2.5) and (ips1 <= 0.5) then class: 1 (proba: 60.87%) | based on 46 samples',
 'if (ips4 <= 2.5) and (ips4 <= 0.5) and (ips2 > 2.5) and (jml_ajuan_cuti > 1.5) and (ips3 > 2.5) then class: 1 (proba: 84.09%) | based on 44 samples',
 'if (ips4 <= 2.5) and (ips4 > 0.5) and (usia > 2.5) and (ips3 > 2.5) and (sex <= 1.5) then class: 1 (proba: 55.0%) | based on 40 samples',
 'if (ips4 <= 2.5) and (ips4 <= 0.5) and (ips2 > 2.5) and (jml_ajuan_cuti > 1.5) and (ips3 <= 2.5) then class: 1 (proba: 74.29%) | based on 35 samples',
 'if (ips4 > 2.5) and (sex > 1.5) and (marital > 1.5) and (usia > 2.5) and (ips3 <= 2.5) then class: 1 (proba: 96.67%) | based on 30 samples',
 'if (ips4 > 2.5) and (sex > 1.5) and (marital > 1.5) and (usia <= 2.5) and (ips3 <= 2.5) then class: 1 (proba: 100.0%) | based on 27 samples',
 'if (ips4 <= 2.5) and (ips4 > 0.5) and (usia <= 2.5) and (ips4 <= 1.5) and (ips1 <= 2.5) then class: 1 (proba: 100.0%) | based on 24 samples',
 'if (ips4 <= 2.5) and (ips4 <= 0.5) and (ips2 <= 2.5) and (sex <= 1.5) and (ips1 > 2.5) then class: 1 (proba: 66.67%) | based on 21 samples',
 'if (ips4 > 2.5) and (sex <= 1.5) and (usia > 2.5) and (ips2 <= 2.5) and (kota_asal <= 1.5) then class: 1 (proba: 68.75%) | based on 16 samples',
 'if (ips4 > 2.5) and (sex <= 1.5) and (usia <= 2.5) and (jml_ajuan_cuti > 1.5) and (kota_asal <= 1.5) then class: 1 (proba: 100.0%) | based on 15 samples',
 'if (ips4 <= 2.5) and (ips4 <= 0.5) and (ips2 <= 2.5) and (sex > 1.5) and (jml_ajuan_cuti > 1.5) then class: 1 (proba: 100.0%) | based on 8 samples',
 'if (ips4 <= 2.5) and (ips4 > 0.5) and (usia > 2.5) and (ips3 > 2.5) and (sex > 1.5) then class: 1 (proba: 100.0%) | based on 4 samples',
 'if (ips4 > 2.5) and (sex <= 1.5) and (usia > 2.5) and (ips2 > 2.5) and (marital <= 1.5) then class: 1 (proba: 100.0%) | based on 4 samples',
 'if (ips4 <= 2.5) and (ips4 > 0.5) and (usia <= 2.5) and (ips4 <= 1.5) and (ips1 > 2.5) then class: 1 (proba: 66.67%) | based on 3 samples',
 'if (ips4 > 2.5) and (sex <= 1.5) and (usia <= 2.5) and (jml_ajuan_cuti <= 1.5) then class: 1 (proba: 100.0%) | based on 2 samples',
 'if (ips4 > 2.5) and (sex > 1.5) and (marital <= 1.5) and (beasiswa > 1.5) and (ips3 > 2.5) then class: 1 (proba: 100.0%) | based on 2 samples',
 'if (ips4 <= 2.5) and (ips4 <= 0.5) and (ips2 > 2.5) and (jml_ajuan_cuti <= 1.5) and (ips1 > 1.5) then class: 1 (proba: 100.0%) | based on 2 samples',
 'if (ips4 > 2.5) and (sex > 1.5) and (marital <= 1.5) and (beasiswa > 1.5) and (ips3 <= 2.5) then class: 1 (proba: 100.0%) | based on 1 samples',
 'if (ips4 > 2.5) and (sex > 1.5) and (marital <= 1.5) and (beasiswa <= 1.5) then class: 1 (proba: 100.0%) | based on 1 samples',
 'if (ips4 <= 2.5) and (ips4 <= 0.5) and (ips2 > 2.5) and (jml_ajuan_cuti <= 1.5) and (ips1 <= 1.5) then class: 1 (proba: 100.0%) | based on 1 samples',
 'if (ips4 <= 2.5) and (ips4 <= 0.5) and (ips2 <= 2.5) and (sex > 1.5) and (jml_ajuan_cuti <= 1.5) then class: 1 (proba: 100.0%) | based on 1 samples']