|--- ips4 <= 2.50
|   |--- ips4 <= 0.50
|   |   |--- ips2 <= 2.50
|   |   |   |--- sex <= 1.50
|   |   |   |   |--- jml_prestasi <= 1.50
|   |   |   |   |   |--- class: 2
|   |   |   |   |--- jml_prestasi >  1.50
|   |   |   |   |   |--- ips1 <= 2.50
|   |   |   |   |   |   |--- ips3 <= 1.50
|   |   |   |   |   |   |   |--- usia <= 2.50
|   |   |   |   |   |   |   |   |--- ips3 <= 0.50
|   |   |   |   |   |   |   |   |   |--- ips2 <= 1.00
|   |   |   |   |   |   |   |   |   |   |--- class: 2
|   |   |   |   |   |   |   |   |   |--- ips2 >  1.00
|   |   |   |   |   |   |   |   |   |   |--- class: 1
|   |   |   |   |   |   |   |   |--- ips3 >  0.50
|   |   |   |   |   |   |   |   |   |--- class: 2
|   |   |   |   |   |   |   |--- usia >  2.50
|   |   |   |   |   |   |   |   |--- class: 2
|   |   |   |   |   |   |--- ips3 >  1.50
|   |   |   |   |   |   |   |--- ips1 <= 0.50
|   |   |   |   |   |   |   |   |--- jml_aktivitas_kemahasiswaan <= 1.50
|   |   |   |   |   |   |   |   |   |--- usia <= 2.50
|   |   |   |   |   |   |   |   |   |   |--- class: 1
|   |   |   |   |   |   |   |   |   |--- usia >  2.50
|   |   |   |   |   |   |   |   |   |   |--- class: 2
|   |   |   |   |   |   |   |   |--- jml_aktivitas_kemahasiswaan >  1.50
|   |   |   |   |   |   |   |   |   |--- ips3 <= 2.50
|   |   |   |   |   |   |   |   |   |   |--- usia <= 2.50
|   |   |   |   |   |   |   |   |   |   |   |--- class: 1
|   |   |   |   |   |   |   |   |   |   |--- usia >  2.50
|   |   |   |   |   |   |   |   |   |   |   |--- truncated branch of depth 2
|   |   |   |   |   |   |   |   |   |--- ips3 >  2.50
|   |   |   |   |   |   |   |   |   |   |--- class: 1
|   |   |   |   |   |   |   |--- ips1 >  0.50
|   |   |   |   |   |   |   |   |--- usia <= 2.50
|   |   |   |   |   |   |   |   |   |--- jml_aktivitas_kemahasiswaan <= 1.50
|   |   |   |   |   |   |   |   |   |   |--- class: 2
|   |   |   |   |   |   |   |   |   |--- jml_aktivitas_kemahasiswaan >  1.50
|   |   |   |   |   |   |   |   |   |   |--- kota_asal <= 1.50
|   |   |   |   |   |   |   |   |   |   |   |--- class: 2
|   |   |   |   |   |   |   |   |   |   |--- kota_asal >  1.50
|   |   |   |   |   |   |   |   |   |   |   |--- truncated branch of depth 3
|   |   |   |   |   |   |   |   |--- usia >  2.50
|   |   |   |   |   |   |   |   |   |--- jml_aktivitas_kemahasiswaan <= 1.50
|   |   |   |   |   |   |   |   |   |   |--- class: 1
|   |   |   |   |   |   |   |   |   |--- jml_aktivitas_kemahasiswaan >  1.50
|   |   |   |   |   |   |   |   |   |   |--- kota_asal <= 1.50
|   |   |   |   |   |   |   |   |   |   |   |--- class: 1
|   |   |   |   |   |   |   |   |   |   |--- kota_asal >  1.50
|   |   |   |   |   |   |   |   |   |   |   |--- class: 2
|   |   |   |   |   |--- ips1 >  2.50
|   |   |   |   |   |   |--- ips3 <= 1.00
|   |   |   |   |   |   |   |--- usia <= 2.50
|   |   |   |   |   |   |   |   |--- class: 1
|   |   |   |   |   |   |   |--- usia >  2.50
|   |   |   |   |   |   |   |   |--- ips2 <= 0.50
|   |   |   |   |   |   |   |   |   |--- class: 1
|   |   |   |   |   |   |   |   |--- ips2 >  0.50
|   |   |   |   |   |   |   |   |   |--- class: 2
|   |   |   |   |   |   |--- ips3 >  1.00
|   |   |   |   |   |   |   |--- usia <= 2.50
|   |   |   |   |   |   |   |   |--- ips2 <= 1.00
|   |   |   |   |   |   |   |   |   |--- ips3 <= 2.50
|   |   |   |   |   |   |   |   |   |   |--- class: 2
|   |   |   |   |   |   |   |   |   |--- ips3 >  2.50
|   |   |   |   |   |   |   |   |   |   |--- class: 1
|   |   |   |   |   |   |   |   |--- ips2 >  1.00
|   |   |   |   |   |   |   |   |   |--- jml_aktivitas_kemahasiswaan <= 1.50
|   |   |   |   |   |   |   |   |   |   |--- class: 2
|   |   |   |   |   |   |   |   |   |--- jml_aktivitas_kemahasiswaan >  1.50
|   |   |   |   |   |   |   |   |   |   |--- ips3 <= 2.50
|   |   |   |   |   |   |   |   |   |   |   |--- class: 2
|   |   |   |   |   |   |   |   |   |   |--- ips3 >  2.50
|   |   |   |   |   |   |   |   |   |   |   |--- class: 1
|   |   |   |   |   |   |   |--- usia >  2.50
|   |   |   |   |   |   |   |   |--- class: 1
|   |   |   |--- sex >  1.50
|   |   |   |   |--- jml_ajuan_cuti <= 1.50
|   |   |   |   |   |--- class: 2
|   |   |   |   |--- jml_ajuan_cuti >  1.50
|   |   |   |   |   |--- class: 1
|   |   |--- ips2 >  2.50
|   |   |   |--- jml_ajuan_cuti <= 1.50
|   |   |   |   |--- ips1 <= 1.50
|   |   |   |   |   |--- class: 1
|   |   |   |   |--- ips1 >  1.50
|   |   |   |   |   |--- class: 2
|   |   |   |--- jml_ajuan_cuti >  1.50
|   |   |   |   |--- jml_prestasi <= 1.50
|   |   |   |   |   |--- class: 1
|   |   |   |   |--- jml_prestasi >  1.50
|   |   |   |   |   |--- kota_asal <= 1.50
|   |   |   |   |   |   |--- jml_aktivitas_kemahasiswaan <= 1.50
|   |   |   |   |   |   |   |--- usia <= 2.50
|   |   |   |   |   |   |   |   |--- class: 2
|   |   |   |   |   |   |   |--- usia >  2.50
|   |   |   |   |   |   |   |   |--- class: 1
|   |   |   |   |   |   |--- jml_aktivitas_kemahasiswaan >  1.50
|   |   |   |   |   |   |   |--- class: 1
|   |   |   |   |   |--- kota_asal >  1.50
|   |   |   |   |   |   |--- ips3 <= 2.50
|   |   |   |   |   |   |   |--- jml_aktivitas_kemahasiswaan <= 1.50
|   |   |   |   |   |   |   |   |--- class: 1
|   |   |   |   |   |   |   |--- jml_aktivitas_kemahasiswaan >  1.50
|   |   |   |   |   |   |   |   |--- ips3 <= 1.00
|   |   |   |   |   |   |   |   |   |--- usia <= 2.50
|   |   |   |   |   |   |   |   |   |   |--- sex <= 1.50
|   |   |   |   |   |   |   |   |   |   |   |--- truncated branch of depth 2
|   |   |   |   |   |   |   |   |   |   |--- sex >  1.50
|   |   |   |   |   |   |   |   |   |   |   |--- class: 2
|   |   |   |   |   |   |   |   |   |--- usia >  2.50
|   |   |   |   |   |   |   |   |   |   |--- class: 1
|   |   |   |   |   |   |   |   |--- ips3 >  1.00
|   |   |   |   |   |   |   |   |   |--- usia <= 2.50
|   |   |   |   |   |   |   |   |   |   |--- ips1 <= 1.00
|   |   |   |   |   |   |   |   |   |   |   |--- class: 2
|   |   |   |   |   |   |   |   |   |   |--- ips1 >  1.00
|   |   |   |   |   |   |   |   |   |   |   |--- truncated branch of depth 3
|   |   |   |   |   |   |   |   |   |--- usia >  2.50
|   |   |   |   |   |   |   |   |   |   |--- ips1 <= 1.00
|   |   |   |   |   |   |   |   |   |   |   |--- class: 1
|   |   |   |   |   |   |   |   |   |   |--- ips1 >  1.00
|   |   |   |   |   |   |   |   |   |   |   |--- class: 2
|   |   |   |   |   |   |--- ips3 >  2.50
|   |   |   |   |   |   |   |--- sex <= 1.50
|   |   |   |   |   |   |   |   |--- ips1 <= 2.50
|   |   |   |   |   |   |   |   |   |--- usia <= 2.50
|   |   |   |   |   |   |   |   |   |   |--- class: 1
|   |   |   |   |   |   |   |   |   |--- usia >  2.50
|   |   |   |   |   |   |   |   |   |   |--- ips1 <= 1.00
|   |   |   |   |   |   |   |   |   |   |   |--- class: 1
|   |   |   |   |   |   |   |   |   |   |--- ips1 >  1.00
|   |   |   |   |   |   |   |   |   |   |   |--- class: 1
|   |   |   |   |   |   |   |   |--- ips1 >  2.50
|   |   |   |   |   |   |   |   |   |--- jml_aktivitas_kemahasiswaan <= 1.50
|   |   |   |   |   |   |   |   |   |   |--- usia <= 2.50
|   |   |   |   |   |   |   |   |   |   |   |--- class: 2
|   |   |   |   |   |   |   |   |   |   |--- usia >  2.50
|   |   |   |   |   |   |   |   |   |   |   |--- class: 1
|   |   |   |   |   |   |   |   |   |--- jml_aktivitas_kemahasiswaan >  1.50
|   |   |   |   |   |   |   |   |   |   |--- usia <= 2.50
|   |   |   |   |   |   |   |   |   |   |   |--- class: 1
|   |   |   |   |   |   |   |   |   |   |--- usia >  2.50
|   |   |   |   |   |   |   |   |   |   |   |--- class: 1
|   |   |   |   |   |   |   |--- sex >  1.50
|   |   |   |   |   |   |   |   |--- class: 1
|   |--- ips4 >  0.50
|   |   |--- usia <= 2.50
|   |   |   |--- ips4 <= 1.50
|   |   |   |   |--- ips1 <= 2.50
|   |   |   |   |   |--- class: 2
|   |   |   |   |--- ips1 >  2.50
|   |   |   |   |   |--- ips3 <= 2.50
|   |   |   |   |   |   |--- ips2 <= 2.50
|   |   |   |   |   |   |   |--- class: 2
|   |   |   |   |   |   |--- ips2 >  2.50
|   |   |   |   |   |   |   |--- class: 1
|   |   |   |   |   |--- ips3 >  2.50
|   |   |   |   |   |   |--- class: 1
|   |   |   |--- ips4 >  1.50
|   |   |   |   |--- ips1 <= 2.50
|   |   |   |   |   |--- kota_asal <= 1.50
|   |   |   |   |   |   |--- class: 1
|   |   |   |   |   |--- kota_asal >  1.50
|   |   |   |   |   |   |--- ips2 <= 1.50
|   |   |   |   |   |   |   |--- ips2 <= 0.50
|   |   |   |   |   |   |   |   |--- jml_prestasi <= 1.50
|   |   |   |   |   |   |   |   |   |--- class: 1
|   |   |   |   |   |   |   |   |--- jml_prestasi >  1.50
|   |   |   |   |   |   |   |   |   |--- ips1 <= 1.00
|   |   |   |   |   |   |   |   |   |   |--- ips3 <= 1.00
|   |   |   |   |   |   |   |   |   |   |   |--- class: 2
|   |   |   |   |   |   |   |   |   |   |--- ips3 >  1.00
|   |   |   |   |   |   |   |   |   |   |   |--- truncated branch of depth 3
|   |   |   |   |   |   |   |   |   |--- ips1 >  1.00
|   |   |   |   |   |   |   |   |   |   |--- ips3 <= 1.00
|   |   |   |   |   |   |   |   |   |   |   |--- class: 1
|   |   |   |   |   |   |   |   |   |   |--- ips3 >  1.00
|   |   |   |   |   |   |   |   |   |   |   |--- truncated branch of depth 4
|   |   |   |   |   |   |   |--- ips2 >  0.50
|   |   |   |   |   |   |   |   |--- class: 2
|   |   |   |   |   |   |--- ips2 >  1.50
|   |   |   |   |   |   |   |--- ips3 <= 0.50
|   |   |   |   |   |   |   |   |--- jml_aktivitas_kemahasiswaan <= 1.50
|   |   |   |   |   |   |   |   |   |--- jml_prestasi <= 1.50
|   |   |   |   |   |   |   |   |   |   |--- class: 1
|   |   |   |   |   |   |   |   |   |--- jml_prestasi >  1.50
|   |   |   |   |   |   |   |   |   |   |--- class: 2
|   |   |   |   |   |   |   |   |--- jml_aktivitas_kemahasiswaan >  1.50
|   |   |   |   |   |   |   |   |   |--- sex <= 1.50
|   |   |   |   |   |   |   |   |   |   |--- ips2 <= 2.50
|   |   |   |   |   |   |   |   |   |   |   |--- truncated branch of depth 2
|   |   |   |   |   |   |   |   |   |   |--- ips2 >  2.50
|   |   |   |   |   |   |   |   |   |   |   |--- truncated branch of depth 2
|   |   |   |   |   |   |   |   |   |--- sex >  1.50
|   |   |   |   |   |   |   |   |   |   |--- class: 1
|   |   |   |   |   |   |   |--- ips3 >  0.50
|   |   |   |   |   |   |   |   |--- ips3 <= 1.50
|   |   |   |   |   |   |   |   |   |--- class: 2
|   |   |   |   |   |   |   |   |--- ips3 >  1.50
|   |   |   |   |   |   |   |   |   |--- ips1 <= 0.50
|   |   |   |   |   |   |   |   |   |   |--- jml_prestasi <= 1.50
|   |   |   |   |   |   |   |   |   |   |   |--- class: 1
|   |   |   |   |   |   |   |   |   |   |--- jml_prestasi >  1.50
|   |   |   |   |   |   |   |   |   |   |   |--- truncated branch of depth 6
|   |   |   |   |   |   |   |   |   |--- ips1 >  0.50
|   |   |   |   |   |   |   |   |   |   |--- ips1 <= 1.50
|   |   |   |   |   |   |   |   |   |   |   |--- class: 2
|   |   |   |   |   |   |   |   |   |   |--- ips1 >  1.50
|   |   |   |   |   |   |   |   |   |   |   |--- truncated branch of depth 6
|   |   |   |   |--- ips1 >  2.50
|   |   |   |   |   |--- kota_asal <= 1.50
|   |   |   |   |   |   |--- class: 1
|   |   |   |   |   |--- kota_asal >  1.50
|   |   |   |   |   |   |--- jml_prestasi <= 1.50
|   |   |   |   |   |   |   |--- ips2 <= 2.50
|   |   |   |   |   |   |   |   |--- class: 2
|   |   |   |   |   |   |   |--- ips2 >  2.50
|   |   |   |   |   |   |   |   |--- class: 1
|   |   |   |   |   |   |--- jml_prestasi >  1.50
|   |   |   |   |   |   |   |--- sex <= 1.50
|   |   |   |   |   |   |   |   |--- ips3 <= 2.50
|   |   |   |   |   |   |   |   |   |--- ips2 <= 2.50
|   |   |   |   |   |   |   |   |   |   |--- ips2 <= 1.00
|   |   |   |   |   |   |   |   |   |   |   |--- truncated branch of depth 3
|   |   |   |   |   |   |   |   |   |   |--- ips2 >  1.00
|   |   |   |   |   |   |   |   |   |   |   |--- truncated branch of depth 3
|   |   |   |   |   |   |   |   |   |--- ips2 >  2.50
|   |   |   |   |   |   |   |   |   |   |--- ips3 <= 1.00
|   |   |   |   |   |   |   |   |   |   |   |--- truncated branch of depth 2
|   |   |   |   |   |   |   |   |   |   |--- ips3 >  1.00
|   |   |   |   |   |   |   |   |   |   |   |--- truncated branch of depth 2
|   |   |   |   |   |   |   |   |--- ips3 >  2.50
|   |   |   |   |   |   |   |   |   |--- ips2 <= 1.00
|   |   |   |   |   |   |   |   |   |   |--- class: 1
|   |   |   |   |   |   |   |   |   |--- ips2 >  1.00
|   |   |   |   |   |   |   |   |   |   |--- jml_aktivitas_kemahasiswaan <= 1.50
|   |   |   |   |   |   |   |   |   |   |   |--- class: 2
|   |   |   |   |   |   |   |   |   |   |--- jml_aktivitas_kemahasiswaan >  1.50
|   |   |   |   |   |   |   |   |   |   |   |--- truncated branch of depth 2
|   |   |   |   |   |   |   |--- sex >  1.50
|   |   |   |   |   |   |   |   |--- beasiswa <= 1.50
|   |   |   |   |   |   |   |   |   |--- class: 1
|   |   |   |   |   |   |   |   |--- beasiswa >  1.50
|   |   |   |   |   |   |   |   |   |--- ips3 <= 1.00
|   |   |   |   |   |   |   |   |   |   |--- ips2 <= 1.50
|   |   |   |   |   |   |   |   |   |   |   |--- class: 1
|   |   |   |   |   |   |   |   |   |   |--- ips2 >  1.50
|   |   |   |   |   |   |   |   |   |   |   |--- class: 2
|   |   |   |   |   |   |   |   |   |--- ips3 >  1.00
|   |   |   |   |   |   |   |   |   |   |--- ips2 <= 1.00
|   |   |   |   |   |   |   |   |   |   |   |--- class: 2
|   |   |   |   |   |   |   |   |   |   |--- ips2 >  1.00
|   |   |   |   |   |   |   |   |   |   |   |--- truncated branch of depth 4
|   |   |--- usia >  2.50
|   |   |   |--- ips3 <= 2.50
|   |   |   |   |--- ips1 <= 0.50
|   |   |   |   |   |--- ips3 <= 0.50
|   |   |   |   |   |   |--- ips2 <= 2.50
|   |   |   |   |   |   |   |--- class: 1
|   |   |   |   |   |   |--- ips2 >  2.50
|   |   |   |   |   |   |   |--- beasiswa <= 1.50
|   |   |   |   |   |   |   |   |--- class: 1
|   |   |   |   |   |   |   |--- beasiswa >  1.50
|   |   |   |   |   |   |   |   |--- class: 1
|   |   |   |   |   |--- ips3 >  0.50
|   |   |   |   |   |   |--- ips3 <= 1.50
|   |   |   |   |   |   |   |--- class: 2
|   |   |   |   |   |   |--- ips3 >  1.50
|   |   |   |   |   |   |   |--- sex <= 1.50
|   |   |   |   |   |   |   |   |--- ips2 <= 2.50
|   |   |   |   |   |   |   |   |   |--- jml_prestasi <= 1.50
|   |   |   |   |   |   |   |   |   |   |--- class: 2
|   |   |   |   |   |   |   |   |   |--- jml_prestasi >  1.50
|   |   |   |   |   |   |   |   |   |   |--- ips2 <= 1.00
|   |   |   |   |   |   |   |   |   |   |   |--- class: 1
|   |   |   |   |   |   |   |   |   |   |--- ips2 >  1.00
|   |   |   |   |   |   |   |   |   |   |   |--- truncated branch of depth 2
|   |   |   |   |   |   |   |   |--- ips2 >  2.50
|   |   |   |   |   |   |   |   |   |--- jml_aktivitas_kemahasiswaan <= 1.50
|   |   |   |   |   |   |   |   |   |   |--- class: 2
|   |   |   |   |   |   |   |   |   |--- jml_aktivitas_kemahasiswaan >  1.50
|   |   |   |   |   |   |   |   |   |   |--- kota_asal <= 1.50
|   |   |   |   |   |   |   |   |   |   |   |--- class: 2
|   |   |   |   |   |   |   |   |   |   |--- kota_asal >  1.50
|   |   |   |   |   |   |   |   |   |   |   |--- class: 2
|   |   |   |   |   |   |   |--- sex >  1.50
|   |   |   |   |   |   |   |   |--- jml_prestasi <= 1.50
|   |   |   |   |   |   |   |   |   |--- class: 1
|   |   |   |   |   |   |   |   |--- jml_prestasi >  1.50
|   |   |   |   |   |   |   |   |   |--- ips2 <= 2.50
|   |   |   |   |   |   |   |   |   |   |--- class: 2
|   |   |   |   |   |   |   |   |   |--- ips2 >  2.50
|   |   |   |   |   |   |   |   |   |   |--- class: 1
|   |   |   |   |--- ips1 >  0.50
|   |   |   |   |   |--- ips4 <= 1.50
|   |   |   |   |   |   |--- class: 2
|   |   |   |   |   |--- ips4 >  1.50
|   |   |   |   |   |   |--- sex <= 1.50
|   |   |   |   |   |   |   |--- ips1 <= 1.50
|   |   |   |   |   |   |   |   |--- class: 2
|   |   |   |   |   |   |   |--- ips1 >  1.50
|   |   |   |   |   |   |   |   |--- ips3 <= 0.50
|   |   |   |   |   |   |   |   |   |--- ips2 <= 1.50
|   |   |   |   |   |   |   |   |   |   |--- class: 2
|   |   |   |   |   |   |   |   |   |--- ips2 >  1.50
|   |   |   |   |   |   |   |   |   |   |--- jml_aktivitas_kemahasiswaan <= 1.50
|   |   |   |   |   |   |   |   |   |   |   |--- class: 2
|   |   |   |   |   |   |   |   |   |   |--- jml_aktivitas_kemahasiswaan >  1.50
|   |   |   |   |   |   |   |   |   |   |   |--- truncated branch of depth 3
|   |   |   |   |   |   |   |   |--- ips3 >  0.50
|   |   |   |   |   |   |   |   |   |--- ips2 <= 0.50
|   |   |   |   |   |   |   |   |   |   |--- class: 2
|   |   |   |   |   |   |   |   |   |--- ips2 >  0.50
|   |   |   |   |   |   |   |   |   |   |--- marital <= 1.50
|   |   |   |   |   |   |   |   |   |   |   |--- class: 2
|   |   |   |   |   |   |   |   |   |   |--- marital >  1.50
|   |   |   |   |   |   |   |   |   |   |   |--- truncated branch of depth 8
|   |   |   |   |   |   |--- sex >  1.50
|   |   |   |   |   |   |   |--- kota_asal <= 1.50
|   |   |   |   |   |   |   |   |--- class: 1
|   |   |   |   |   |   |   |--- kota_asal >  1.50
|   |   |   |   |   |   |   |   |--- ips1 <= 2.50
|   |   |   |   |   |   |   |   |   |--- ips3 <= 1.50
|   |   |   |   |   |   |   |   |   |   |--- class: 2
|   |   |   |   |   |   |   |   |   |--- ips3 >  1.50
|   |   |   |   |   |   |   |   |   |   |--- ips1 <= 1.50
|   |   |   |   |   |   |   |   |   |   |   |--- class: 2
|   |   |   |   |   |   |   |   |   |   |--- ips1 >  1.50
|   |   |   |   |   |   |   |   |   |   |   |--- truncated branch of depth 2
|   |   |   |   |   |   |   |   |--- ips1 >  2.50
|   |   |   |   |   |   |   |   |   |--- ips3 <= 1.00
|   |   |   |   |   |   |   |   |   |   |--- class: 1
|   |   |   |   |   |   |   |   |   |--- ips3 >  1.00
|   |   |   |   |   |   |   |   |   |   |--- ips2 <= 2.50
|   |   |   |   |   |   |   |   |   |   |   |--- class: 1
|   |   |   |   |   |   |   |   |   |   |--- ips2 >  2.50
|   |   |   |   |   |   |   |   |   |   |   |--- class: 2
|   |   |   |--- ips3 >  2.50
|   |   |   |   |--- sex <= 1.50
|   |   |   |   |   |--- ips1 <= 1.50
|   |   |   |   |   |   |--- ips2 <= 2.50
|   |   |   |   |   |   |   |--- ips1 <= 0.50
|   |   |   |   |   |   |   |   |--- kota_asal <= 1.50
|   |   |   |   |   |   |   |   |   |--- class: 1
|   |   |   |   |   |   |   |   |--- kota_asal >  1.50
|   |   |   |   |   |   |   |   |   |--- class: 1
|   |   |   |   |   |   |   |--- ips1 >  0.50
|   |   |   |   |   |   |   |   |--- class: 1
|   |   |   |   |   |   |--- ips2 >  2.50
|   |   |   |   |   |   |   |--- class: 1
|   |   |   |   |   |--- ips1 >  1.50
|   |   |   |   |   |   |--- ips2 <= 1.50
|   |   |   |   |   |   |   |--- jml_aktivitas_kemahasiswaan <= 1.50
|   |   |   |   |   |   |   |   |--- class: 2
|   |   |   |   |   |   |   |--- jml_aktivitas_kemahasiswaan >  1.50
|   |   |   |   |   |   |   |   |--- ips1 <= 2.50
|   |   |   |   |   |   |   |   |   |--- jml_prestasi <= 1.50
|   |   |   |   |   |   |   |   |   |   |--- class: 1
|   |   |   |   |   |   |   |   |   |--- jml_prestasi >  1.50
|   |   |   |   |   |   |   |   |   |   |--- class: 2
|   |   |   |   |   |   |   |   |--- ips1 >  2.50
|   |   |   |   |   |   |   |   |   |--- class: 1
|   |   |   |   |   |   |--- ips2 >  1.50
|   |   |   |   |   |   |   |--- kota_asal <= 1.50
|   |   |   |   |   |   |   |   |--- ips2 <= 2.50
|   |   |   |   |   |   |   |   |   |--- class: 2
|   |   |   |   |   |   |   |   |--- ips2 >  2.50
|   |   |   |   |   |   |   |   |   |--- jml_aktivitas_kemahasiswaan <= 1.50
|   |   |   |   |   |   |   |   |   |   |--- class: 1
|   |   |   |   |   |   |   |   |   |--- jml_aktivitas_kemahasiswaan >  1.50
|   |   |   |   |   |   |   |   |   |   |--- ips1 <= 2.50
|   |   |   |   |   |   |   |   |   |   |   |--- class: 1
|   |   |   |   |   |   |   |   |   |   |--- ips1 >  2.50
|   |   |   |   |   |   |   |   |   |   |   |--- class: 1
|   |   |   |   |   |   |   |--- kota_asal >  1.50
|   |   |   |   |   |   |   |   |--- jml_prestasi <= 1.50
|   |   |   |   |   |   |   |   |   |--- class: 2
|   |   |   |   |   |   |   |   |--- jml_prestasi >  1.50
|   |   |   |   |   |   |   |   |   |--- ips2 <= 2.50
|   |   |   |   |   |   |   |   |   |   |--- ips1 <= 2.50
|   |   |   |   |   |   |   |   |   |   |   |--- class: 2
|   |   |   |   |   |   |   |   |   |   |--- ips1 >  2.50
|   |   |   |   |   |   |   |   |   |   |   |--- class: 1
|   |   |   |   |   |   |   |   |   |--- ips2 >  2.50
|   |   |   |   |   |   |   |   |   |   |--- ips1 <= 2.50
|   |   |   |   |   |   |   |   |   |   |   |--- class: 1
|   |   |   |   |   |   |   |   |   |   |--- ips1 >  2.50
|   |   |   |   |   |   |   |   |   |   |   |--- class: 2
|   |   |   |   |--- sex >  1.50
|   |   |   |   |   |--- class: 1
|--- ips4 >  2.50
|   |--- sex <= 1.50
|   |   |--- usia <= 2.50
|   |   |   |--- kota_asal <= 1.50
|   |   |   |   |--- class: 1
|   |   |   |--- kota_asal >  1.50
|   |   |   |   |--- jml_ajuan_cuti <= 1.50
|   |   |   |   |   |--- class: 2
|   |   |   |   |--- jml_ajuan_cuti >  1.50
|   |   |   |   |   |--- beasiswa <= 1.50
|   |   |   |   |   |   |--- jml_aktivitas_kemahasiswaan <= 1.50
|   |   |   |   |   |   |   |--- ips1 <= 2.50
|   |   |   |   |   |   |   |   |--- class: 1
|   |   |   |   |   |   |   |--- ips1 >  2.50
|   |   |   |   |   |   |   |   |--- jml_prestasi <= 1.50
|   |   |   |   |   |   |   |   |   |--- class: 1
|   |   |   |   |   |   |   |   |--- jml_prestasi >  1.50
|   |   |   |   |   |   |   |   |   |--- class: 1
|   |   |   |   |   |   |--- jml_aktivitas_kemahasiswaan >  1.50
|   |   |   |   |   |   |   |--- class: 1
|   |   |   |   |   |--- beasiswa >  1.50
|   |   |   |   |   |   |--- ips3 <= 2.50
|   |   |   |   |   |   |   |--- marital <= 1.50
|   |   |   |   |   |   |   |   |--- class: 2
|   |   |   |   |   |   |   |--- marital >  1.50
|   |   |   |   |   |   |   |   |--- ips3 <= 0.50
|   |   |   |   |   |   |   |   |   |--- ips2 <= 2.50
|   |   |   |   |   |   |   |   |   |   |--- jml_aktivitas_kemahasiswaan <= 1.50
|   |   |   |   |   |   |   |   |   |   |   |--- class: 1
|   |   |   |   |   |   |   |   |   |   |--- jml_aktivitas_kemahasiswaan >  1.50
|   |   |   |   |   |   |   |   |   |   |   |--- truncated branch of depth 4
|   |   |   |   |   |   |   |   |   |--- ips2 >  2.50
|   |   |   |   |   |   |   |   |   |   |--- ips1 <= 2.50
|   |   |   |   |   |   |   |   |   |   |   |--- class: 1
|   |   |   |   |   |   |   |   |   |   |--- ips1 >  2.50
|   |   |   |   |   |   |   |   |   |   |   |--- truncated branch of depth 3
|   |   |   |   |   |   |   |   |--- ips3 >  0.50
|   |   |   |   |   |   |   |   |   |--- ips3 <= 1.50
|   |   |   |   |   |   |   |   |   |   |--- class: 2
|   |   |   |   |   |   |   |   |   |--- ips3 >  1.50
|   |   |   |   |   |   |   |   |   |   |--- ips2 <= 1.00
|   |   |   |   |   |   |   |   |   |   |   |--- truncated branch of depth 3
|   |   |   |   |   |   |   |   |   |   |--- ips2 >  1.00
|   |   |   |   |   |   |   |   |   |   |   |--- truncated branch of depth 6
|   |   |   |   |   |   |--- ips3 >  2.50
|   |   |   |   |   |   |   |--- usia <= 1.50
|   |   |   |   |   |   |   |   |--- class: 1
|   |   |   |   |   |   |   |--- usia >  1.50
|   |   |   |   |   |   |   |   |--- jml_prestasi <= 1.50
|   |   |   |   |   |   |   |   |   |--- ips2 <= 1.50
|   |   |   |   |   |   |   |   |   |   |--- class: 1
|   |   |   |   |   |   |   |   |   |--- ips2 >  1.50
|   |   |   |   |   |   |   |   |   |   |--- ips1 <= 1.50
|   |   |   |   |   |   |   |   |   |   |   |--- class: 2
|   |   |   |   |   |   |   |   |   |   |--- ips1 >  1.50
|   |   |   |   |   |   |   |   |   |   |   |--- truncated branch of depth 3
|   |   |   |   |   |   |   |   |--- jml_prestasi >  1.50
|   |   |   |   |   |   |   |   |   |--- jml_aktivitas_kemahasiswaan <= 1.50
|   |   |   |   |   |   |   |   |   |   |--- ips2 <= 1.00
|   |   |   |   |   |   |   |   |   |   |   |--- class: 1
|   |   |   |   |   |   |   |   |   |   |--- ips2 >  1.00
|   |   |   |   |   |   |   |   |   |   |   |--- truncated branch of depth 4
|   |   |   |   |   |   |   |   |   |--- jml_aktivitas_kemahasiswaan >  1.50
|   |   |   |   |   |   |   |   |   |   |--- ips1 <= 2.50
|   |   |   |   |   |   |   |   |   |   |   |--- truncated branch of depth 4
|   |   |   |   |   |   |   |   |   |   |--- ips1 >  2.50
|   |   |   |   |   |   |   |   |   |   |   |--- truncated branch of depth 3
|   |   |--- usia >  2.50
|   |   |   |--- ips2 <= 2.50
|   |   |   |   |--- kota_asal <= 1.50
|   |   |   |   |   |--- ips2 <= 1.00
|   |   |   |   |   |   |--- class: 1
|   |   |   |   |   |--- ips2 >  1.00
|   |   |   |   |   |   |--- ips3 <= 2.50
|   |   |   |   |   |   |   |--- ips3 <= 1.00
|   |   |   |   |   |   |   |   |--- ips1 <= 2.50
|   |   |   |   |   |   |   |   |   |--- class: 2
|   |   |   |   |   |   |   |   |--- ips1 >  2.50
|   |   |   |   |   |   |   |   |   |--- class: 1
|   |   |   |   |   |   |   |--- ips3 >  1.00
|   |   |   |   |   |   |   |   |--- ips1 <= 2.50
|   |   |   |   |   |   |   |   |   |--- class: 1
|   |   |   |   |   |   |   |   |--- ips1 >  2.50
|   |   |   |   |   |   |   |   |   |--- class: 2
|   |   |   |   |   |   |--- ips3 >  2.50
|   |   |   |   |   |   |   |--- ips1 <= 1.50
|   |   |   |   |   |   |   |   |--- class: 1
|   |   |   |   |   |   |   |--- ips1 >  1.50
|   |   |   |   |   |   |   |   |--- class: 1
|   |   |   |   |--- kota_asal >  1.50
|   |   |   |   |   |--- marital <= 1.50
|   |   |   |   |   |   |--- class: 2
|   |   |   |   |   |--- marital >  1.50
|   |   |   |   |   |   |--- ips3 <= 0.50
|   |   |   |   |   |   |   |--- jml_aktivitas_kemahasiswaan <= 1.50
|   |   |   |   |   |   |   |   |--- class: 2
|   |   |   |   |   |   |   |--- jml_aktivitas_kemahasiswaan >  1.50
|   |   |   |   |   |   |   |   |--- ips2 <= 1.00
|   |   |   |   |   |   |   |   |   |--- ips1 <= 2.50
|   |   |   |   |   |   |   |   |   |   |--- class: 1
|   |   |   |   |   |   |   |   |   |--- ips1 >  2.50
|   |   |   |   |   |   |   |   |   |   |--- class: 1
|   |   |   |   |   |   |   |   |--- ips2 >  1.00
|   |   |   |   |   |   |   |   |   |--- ips1 <= 2.50
|   |   |   |   |   |   |   |   |   |   |--- ips1 <= 1.00
|   |   |   |   |   |   |   |   |   |   |   |--- class: 2
|   |   |   |   |   |   |   |   |   |   |--- ips1 >  1.00
|   |   |   |   |   |   |   |   |   |   |   |--- class: 2
|   |   |   |   |   |   |   |   |   |--- ips1 >  2.50
|   |   |   |   |   |   |   |   |   |   |--- class: 1
|   |   |   |   |   |   |--- ips3 >  0.50
|   |   |   |   |   |   |   |--- ips3 <= 1.50
|   |   |   |   |   |   |   |   |--- class: 2
|   |   |   |   |   |   |   |--- ips3 >  1.50
|   |   |   |   |   |   |   |   |--- ips2 <= 1.50
|   |   |   |   |   |   |   |   |   |--- beasiswa <= 1.50
|   |   |   |   |   |   |   |   |   |   |--- class: 1
|   |   |   |   |   |   |   |   |   |--- beasiswa >  1.50
|   |   |   |   |   |   |   |   |   |   |--- jml_prestasi <= 1.50
|   |   |   |   |   |   |   |   |   |   |   |--- class: 1
|   |   |   |   |   |   |   |   |   |   |--- jml_prestasi >  1.50
|   |   |   |   |   |   |   |   |   |   |   |--- truncated branch of depth 5
|   |   |   |   |   |   |   |   |--- ips2 >  1.50
|   |   |   |   |   |   |   |   |   |--- jml_aktivitas_kemahasiswaan <= 1.50
|   |   |   |   |   |   |   |   |   |   |--- class: 1
|   |   |   |   |   |   |   |   |   |--- jml_aktivitas_kemahasiswaan >  1.50
|   |   |   |   |   |   |   |   |   |   |--- ips1 <= 2.50
|   |   |   |   |   |   |   |   |   |   |   |--- truncated branch of depth 3
|   |   |   |   |   |   |   |   |   |   |--- ips1 >  2.50
|   |   |   |   |   |   |   |   |   |   |   |--- truncated branch of depth 2
|   |   |   |--- ips2 >  2.50
|   |   |   |   |--- marital <= 1.50
|   |   |   |   |   |--- class: 2
|   |   |   |   |--- marital >  1.50
|   |   |   |   |   |--- ips1 <= 2.50
|   |   |   |   |   |   |--- ips3 <= 2.50
|   |   |   |   |   |   |   |--- ips3 <= 1.50
|   |   |   |   |   |   |   |   |--- ips3 <= 0.50
|   |   |   |   |   |   |   |   |   |--- jml_aktivitas_kemahasiswaan <= 1.50
|   |   |   |   |   |   |   |   |   |   |--- class: 1
|   |   |   |   |   |   |   |   |   |--- jml_aktivitas_kemahasiswaan >  1.50
|   |   |   |   |   |   |   |   |   |   |--- class: 1
|   |   |   |   |   |   |   |   |--- ips3 >  0.50
|   |   |   |   |   |   |   |   |   |--- class: 2
|   |   |   |   |   |   |   |--- ips3 >  1.50
|   |   |   |   |   |   |   |   |--- class: 1
|   |   |   |   |   |   |--- ips3 >  2.50
|   |   |   |   |   |   |   |--- beasiswa <= 1.50
|   |   |   |   |   |   |   |   |--- class: 1
|   |   |   |   |   |   |   |--- beasiswa >  1.50
|   |   |   |   |   |   |   |   |--- jml_prestasi <= 1.50
|   |   |   |   |   |   |   |   |   |--- class: 2
|   |   |   |   |   |   |   |   |--- jml_prestasi >  1.50
|   |   |   |   |   |   |   |   |   |--- ips1 <= 1.00
|   |   |   |   |   |   |   |   |   |   |--- kota_asal <= 1.50
|   |   |   |   |   |   |   |   |   |   |   |--- class: 1
|   |   |   |   |   |   |   |   |   |   |--- kota_asal >  1.50
|   |   |   |   |   |   |   |   |   |   |   |--- truncated branch of depth 2
|   |   |   |   |   |   |   |   |   |--- ips1 >  1.00
|   |   |   |   |   |   |   |   |   |   |--- jml_aktivitas_kemahasiswaan <= 1.50
|   |   |   |   |   |   |   |   |   |   |   |--- class: 1
|   |   |   |   |   |   |   |   |   |   |--- jml_aktivitas_kemahasiswaan >  1.50
|   |   |   |   |   |   |   |   |   |   |   |--- truncated branch of depth 2
|   |   |   |   |   |--- ips1 >  2.50
|   |   |   |   |   |   |--- ips3 <= 0.50
|   |   |   |   |   |   |   |--- kota_asal <= 1.50
|   |   |   |   |   |   |   |   |--- class: 1
|   |   |   |   |   |   |   |--- kota_asal >  1.50
|   |   |   |   |   |   |   |   |--- class: 1
|   |   |   |   |   |   |--- ips3 >  0.50
|   |   |   |   |   |   |   |--- ips3 <= 1.50
|   |   |   |   |   |   |   |   |--- class: 2
|   |   |   |   |   |   |   |--- ips3 >  1.50
|   |   |   |   |   |   |   |   |--- ips3 <= 2.50
|   |   |   |   |   |   |   |   |   |--- beasiswa <= 1.50
|   |   |   |   |   |   |   |   |   |   |--- class: 2
|   |   |   |   |   |   |   |   |   |--- beasiswa >  1.50
|   |   |   |   |   |   |   |   |   |   |--- jml_prestasi <= 1.50
|   |   |   |   |   |   |   |   |   |   |   |--- class: 1
|   |   |   |   |   |   |   |   |   |   |--- jml_prestasi >  1.50
|   |   |   |   |   |   |   |   |   |   |   |--- truncated branch of depth 3
|   |   |   |   |   |   |   |   |--- ips3 >  2.50
|   |   |   |   |   |   |   |   |   |--- kota_asal <= 1.50
|   |   |   |   |   |   |   |   |   |   |--- jml_aktivitas_kemahasiswaan <= 1.50
|   |   |   |   |   |   |   |   |   |   |   |--- class: 1
|   |   |   |   |   |   |   |   |   |   |--- jml_aktivitas_kemahasiswaan >  1.50
|   |   |   |   |   |   |   |   |   |   |   |--- truncated branch of depth 3
|   |   |   |   |   |   |   |   |   |--- kota_asal >  1.50
|   |   |   |   |   |   |   |   |   |   |--- jml_prestasi <= 1.50
|   |   |   |   |   |   |   |   |   |   |   |--- truncated branch of depth 3
|   |   |   |   |   |   |   |   |   |   |--- jml_prestasi >  1.50
|   |   |   |   |   |   |   |   |   |   |   |--- truncated branch of depth 3
|   |--- sex >  1.50
|   |   |--- usia <= 2.50
|   |   |   |--- marital <= 1.50
|   |   |   |   |--- ips3 <= 2.50
|   |   |   |   |   |--- class: 2
|   |   |   |   |--- ips3 >  2.50
|   |   |   |   |   |--- class: 1
|   |   |   |--- marital >  1.50
|   |   |   |   |--- ips3 <= 2.50
|   |   |   |   |   |--- class: 1
|   |   |   |   |--- ips3 >  2.50
|   |   |   |   |   |--- ips2 <= 2.50
|   |   |   |   |   |   |--- class: 1
|   |   |   |   |   |--- ips2 >  2.50
|   |   |   |   |   |   |--- kota_asal <= 1.50
|   |   |   |   |   |   |   |--- class: 1
|   |   |   |   |   |   |--- kota_asal >  1.50
|   |   |   |   |   |   |   |--- usia <= 1.50
|   |   |   |   |   |   |   |   |--- class: 1
|   |   |   |   |   |   |   |--- usia >  1.50
|   |   |   |   |   |   |   |   |--- beasiswa <= 1.50
|   |   |   |   |   |   |   |   |   |--- class: 1
|   |   |   |   |   |   |   |   |--- beasiswa >  1.50
|   |   |   |   |   |   |   |   |   |--- ips1 <= 2.50
|   |   |   |   |   |   |   |   |   |   |--- class: 1
|   |   |   |   |   |   |   |   |   |--- ips1 >  2.50
|   |   |   |   |   |   |   |   |   |   |--- jml_ajuan_cuti <= 1.50
|   |   |   |   |   |   |   |   |   |   |   |--- class: 1
|   |   |   |   |   |   |   |   |   |   |--- jml_ajuan_cuti >  1.50
|   |   |   |   |   |   |   |   |   |   |   |--- truncated branch of depth 3
|   |   |--- usia >  2.50
|   |   |   |--- marital <= 1.50
|   |   |   |   |--- class: 2
|   |   |   |--- marital >  1.50
|   |   |   |   |--- ips3 <= 2.50
|   |   |   |   |   |--- ips1 <= 1.00
|   |   |   |   |   |   |--- ips2 <= 2.50
|   |   |   |   |   |   |   |--- class: 1
|   |   |   |   |   |   |--- ips2 >  2.50
|   |   |   |   |   |   |   |--- ips3 <= 1.00
|   |   |   |   |   |   |   |   |--- class: 1
|   |   |   |   |   |   |   |--- ips3 >  1.00
|   |   |   |   |   |   |   |   |--- kota_asal <= 1.50
|   |   |   |   |   |   |   |   |   |--- class: 1
|   |   |   |   |   |   |   |   |--- kota_asal >  1.50
|   |   |   |   |   |   |   |   |   |--- class: 1
|   |   |   |   |   |--- ips1 >  1.00
|   |   |   |   |   |   |--- class: 1
|   |   |   |   |--- ips3 >  2.50
|   |   |   |   |   |--- jml_aktivitas_kemahasiswaan <= 1.50
|   |   |   |   |   |   |--- class: 1
|   |   |   |   |   |--- jml_aktivitas_kemahasiswaan >  1.50
|   |   |   |   |   |   |--- ips1 <= 1.00
|   |   |   |   |   |   |   |--- kota_asal <= 1.50
|   |   |   |   |   |   |   |   |--- class: 2
|   |   |   |   |   |   |   |--- kota_asal >  1.50
|   |   |   |   |   |   |   |   |--- ips2 <= 2.50
|   |   |   |   |   |   |   |   |   |--- ips2 <= 1.00
|   |   |   |   |   |   |   |   |   |   |--- class: 1
|   |   |   |   |   |   |   |   |   |--- ips2 >  1.00
|   |   |   |   |   |   |   |   |   |   |--- class: 2
|   |   |   |   |   |   |   |   |--- ips2 >  2.50
|   |   |   |   |   |   |   |   |   |--- class: 1
|   |   |   |   |   |   |--- ips1 >  1.00
|   |   |   |   |   |   |   |--- ips1 <= 2.50
|   |   |   |   |   |   |   |   |--- class: 1
|   |   |   |   |   |   |   |--- ips1 >  2.50
|   |   |   |   |   |   |   |   |--- ips2 <= 2.50
|   |   |   |   |   |   |   |   |   |--- ips2 <= 1.00
|   |   |   |   |   |   |   |   |   |   |--- class: 1
|   |   |   |   |   |   |   |   |   |--- ips2 >  1.00
|   |   |   |   |   |   |   |   |   |   |--- kota_asal <= 1.50
|   |   |   |   |   |   |   |   |   |   |   |--- class: 1
|   |   |   |   |   |   |   |   |   |   |--- kota_asal >  1.50
|   |   |   |   |   |   |   |   |   |   |   |--- class: 2
|   |   |   |   |   |   |   |   |--- ips2 >  2.50
|   |   |   |   |   |   |   |   |   |--- jml_prestasi <= 1.50
|   |   |   |   |   |   |   |   |   |   |--- class: 1
|   |   |   |   |   |   |   |   |   |--- jml_prestasi >  1.50
|   |   |   |   |   |   |   |   |   |   |--- kota_asal <= 1.50
|   |   |   |   |   |   |   |   |   |   |   |--- truncated branch of depth 2
|   |   |   |   |   |   |   |   |   |   |--- kota_asal >  1.50
|   |   |   |   |   |   |   |   |   |   |   |--- truncated branch of depth 2
