|--- ips4 <= 2.50
|   |--- ips4 <= 0.50
|   |   |--- ips2 <= 2.50
|   |   |   |--- sex <= 1.50
|   |   |   |   |--- ips1 <= 2.50
|   |   |   |   |   |--- class: 2
|   |   |   |   |--- ips1 >  2.50
|   |   |   |   |   |--- class: 1
|   |   |   |--- sex >  1.50
|   |   |   |   |--- jml_ajuan_cuti <= 1.50
|   |   |   |   |   |--- class: 2
|   |   |   |   |--- jml_ajuan_cuti >  1.50
|   |   |   |   |   |--- class: 1
|   |   |--- ips2 >  2.50
|   |   |   |--- jml_ajuan_cuti <= 1.50
|   |   |   |   |--- ips1 <= 1.50
|   |   |   |   |   |--- class: 1
|   |   |   |   |--- ips1 >  1.50
|   |   |   |   |   |--- class: 2
|   |   |   |--- jml_ajuan_cuti >  1.50
|   |   |   |   |--- ips3 <= 2.50
|   |   |   |   |   |--- class: 1
|   |   |   |   |--- ips3 >  2.50
|   |   |   |   |   |--- class: 1
|   |--- ips4 >  0.50
|   |   |--- usia <= 2.50
|   |   |   |--- ips4 <= 1.50
|   |   |   |   |--- ips1 <= 2.50
|   |   |   |   |   |--- class: 2
|   |   |   |   |--- ips1 >  2.50
|   |   |   |   |   |--- class: 1
|   |   |   |--- ips4 >  1.50
|   |   |   |   |--- ips1 <= 2.50
|   |   |   |   |   |--- class: 2
|   |   |   |   |--- ips1 >  2.50
|   |   |   |   |   |--- class: 1
|   |   |--- usia >  2.50
|   |   |   |--- ips3 <= 2.50
|   |   |   |   |--- ips1 <= 0.50
|   |   |   |   |   |--- class: 2
|   |   |   |   |--- ips1 >  0.50
|   |   |   |   |   |--- class: 2
|   |   |   |--- ips3 >  2.50
|   |   |   |   |--- sex <= 1.50
|   |   |   |   |   |--- class: 2
|   |   |   |   |--- sex >  1.50
|   |   |   |   |   |--- class: 1
|--- ips4 >  2.50
|   |--- sex <= 1.50
|   |   |--- usia <= 2.50
|   |   |   |--- jml_ajuan_cuti <= 1.50
|   |   |   |   |--- class: 2
|   |   |   |--- jml_ajuan_cuti >  1.50
|   |   |   |   |--- kota_asal <= 1.50
|   |   |   |   |   |--- class: 1
|   |   |   |   |--- kota_asal >  1.50
|   |   |   |   |   |--- class: 1
|   |   |--- usia >  2.50
|   |   |   |--- ips2 <= 2.50
|   |   |   |   |--- kota_asal <= 1.50
|   |   |   |   |   |--- class: 1
|   |   |   |   |--- kota_asal >  1.50
|   |   |   |   |   |--- class: 2
|   |   |   |--- ips2 >  2.50
|   |   |   |   |--- marital <= 1.50
|   |   |   |   |   |--- class: 2
|   |   |   |   |--- marital >  1.50
|   |   |   |   |   |--- class: 1
|   |--- sex >  1.50
|   |   |--- marital <= 1.50
|   |   |   |--- beasiswa <= 1.50
|   |   |   |   |--- class: 2
|   |   |   |--- beasiswa >  1.50
|   |   |   |   |--- ips3 <= 2.50
|   |   |   |   |   |--- class: 2
|   |   |   |   |--- ips3 >  2.50
|   |   |   |   |   |--- class: 1
|   |   |--- marital >  1.50
|   |   |   |--- usia <= 2.50
|   |   |   |   |--- ips3 <= 2.50
|   |   |   |   |   |--- class: 1
|   |   |   |   |--- ips3 >  2.50
|   |   |   |   |   |--- class: 1
|   |   |   |--- usia >  2.50
|   |   |   |   |--- ips3 <= 2.50
|   |   |   |   |   |--- class: 1
|   |   |   |   |--- ips3 >  2.50
|   |   |   |   |   |--- class: 1
